SIMULATION CONFIGURATION
ROB entries:  32
Num. SchedQ entries per FU: 3
Data cache C: 13
Data cache B: 6
Data cache S: 0
Num. ALU FUs: 3
Num. MUL FUs: 2
Num. LSU FUs: 2
Fetch width:  4
Retire width: 8
Interrupts:   enabled
SETUP COMPLETE - STARTING SIMULATION

SIMULATION OUTPUT
Cycles:               630301
Interrupts:           62
Trace instructions:   1997556
Fetched instructions: 2515601
Retired instructions: 1997556
Writes to arch. RF:   1137040
DCache reads:            459956
DCache read misses:      31047
DCache read miss ratio:  0.067
DCache read AAT:         1.607
Cycles with no fires:    33580
Stall cycles due to ROB: 215730
Max DispQ usage:      12763
Average DispQ usage:  4158.258
Max SchedQ usage:     21
Average SchedQ usage: 18.706
Max ROB usage:        32
Average ROB usage:    10.702
IPC:                  3.169
